Performing C SOURCE FILE Test CMAKE_HAVE_LIBC_PTHREAD failed with the following output:
Change Dir: /root/sylar/build/CMakeFiles/CMakeTmp

Run Build Command(s):/usr/bin/gmake cmTC_23183/fast && /usr/bin/gmake  -f CMakeFiles/cmTC_23183.dir/build.make CMakeFiles/cmTC_23183.dir/build
gmake[1]: Entering directory `/root/sylar/build/CMakeFiles/CMakeTmp'
Building C object CMakeFiles/cmTC_23183.dir/src.c.o
/usr/bin/cc   -DCMAKE_HAVE_LIBC_PTHREAD   -o CMakeFiles/cmTC_23183.dir/src.c.o   -c /root/sylar/build/CMakeFiles/CMakeTmp/src.c
Linking C executable cmTC_23183
/usr/local/cmake/bin/cmake -E cmake_link_script CMakeFiles/cmTC_23183.dir/link.txt --verbose=1
/usr/bin/cc  -DCMAKE_HAVE_LIBC_PTHREAD    CMakeFiles/cmTC_23183.dir/src.c.o  -o cmTC_23183 
CMakeFiles/cmTC_23183.dir/src.c.o: In function `main':
src.c:(.text+0x2d): undefined reference to `pthread_create'
src.c:(.text+0x39): undefined reference to `pthread_detach'
src.c:(.text+0x4a): undefined reference to `pthread_join'
src.c:(.text+0x5e): undefined reference to `pthread_atfork'
collect2: error: ld returned 1 exit status
gmake[1]: *** [cmTC_23183] Error 1
gmake[1]: Leaving directory `/root/sylar/build/CMakeFiles/CMakeTmp'
gmake: *** [cmTC_23183/fast] Error 2


Source file was:
#include <pthread.h>

void* test_func(void* data)
{
  return data;
}

int main(void)
{
  pthread_t thread;
  pthread_create(&thread, NULL, test_func, NULL);
  pthread_detach(thread);
  pthread_join(thread, NULL);
  pthread_atfork(NULL, NULL, NULL);
  pthread_exit(NULL);

  return 0;
}

Determining if the function pthread_create exists in the pthreads failed with the following output:
Change Dir: /root/sylar/build/CMakeFiles/CMakeTmp

Run Build Command(s):/usr/bin/gmake cmTC_4703a/fast && /usr/bin/gmake  -f CMakeFiles/cmTC_4703a.dir/build.make CMakeFiles/cmTC_4703a.dir/build
gmake[1]: Entering directory `/root/sylar/build/CMakeFiles/CMakeTmp'
Building C object CMakeFiles/cmTC_4703a.dir/CheckFunctionExists.c.o
/usr/bin/cc   -DCHECK_FUNCTION_EXISTS=pthread_create   -o CMakeFiles/cmTC_4703a.dir/CheckFunctionExists.c.o   -c /usr/local/cmake/share/cmake-3.16/Modules/CheckFunctionExists.c
Linking C executable cmTC_4703a
/usr/local/cmake/bin/cmake -E cmake_link_script CMakeFiles/cmTC_4703a.dir/link.txt --verbose=1
/usr/bin/cc  -DCHECK_FUNCTION_EXISTS=pthread_create    CMakeFiles/cmTC_4703a.dir/CheckFunctionExists.c.o  -o cmTC_4703a  -lpthreads 
/usr/bin/ld: cannot find -lpthreads
collect2: error: ld returned 1 exit status
gmake[1]: *** [cmTC_4703a] Error 1
gmake[1]: Leaving directory `/root/sylar/build/CMakeFiles/CMakeTmp'
gmake: *** [cmTC_4703a/fast] Error 2



